$ next dev --turbopack
   ▲ Next.js 15.5.6 (Turbopack)
   - Local:        http://localhost:3000
   - Network:      http://169.254.0.21:3000

 ✓ Starting...
Attention: Next.js now collects completely anonymous telemetry regarding usage.
This information is used to shape Next.js' roadmap and prioritize features.
You can learn more, including how to opt-out if you'd not like to participate in this anonymous program, by visiting the following URL:
https://nextjs.org/telemetry

 ✓ Ready in 1789ms
 ○ Compiling / ...
 ✓ Compiled / in 6.7s
 ⚠ metadataBase property in metadata export is not set for resolving social open graph or twitter images, using "http://localhost:3000". See https://nextjs.org/docs/app/api-reference/functions/generate-metadata#metadatabase
 GET / 200 in 7841ms
 GET / 200 in 3714ms
 ⚠ Cross origin request detected from wealth-builders-gh.lindy.site to /_next/* resource. In a future major version of Next.js, you will need to explicitly configure "allowedDevOrigins" in next.config to allow this.
Read more: https://nextjs.org/docs/app/api-reference/config/next-config-js/allowedDevOrigins
 ○ Compiling /favicon.ico ...
 ✓ Compiled /favicon.ico in 696ms
 GET /favicon.ico 200 in 1065ms
 GET / 200 in 236ms
 GET /favicon.ico 200 in 274ms
 ⚠ metadataBase property in metadata export is not set for resolving social open graph or twitter images, using "http://localhost:3000". See https://nextjs.org/docs/app/api-reference/functions/generate-metadata#metadatabase
 GET / 200 in 552ms
 GET /favicon.ico 200 in 277ms
 GET / 200 in 309ms
 GET /favicon.ico 200 in 275ms
 ✓ Compiled in 270ms
 ⚠ metadataBase property in metadata export is not set for resolving social open graph or twitter images, using "http://localhost:3000". See https://nextjs.org/docs/app/api-reference/functions/generate-metadata#metadatabase
 GET / 200 in 474ms
 GET /favicon.ico 200 in 343ms
 ✓ Compiled /api/contact in 264ms
Contact form submission: {
  name: 'John Doe',
  email: 'john@example.com',
  subject: 'John DoeInvestment Inquiry',
  message: "I'm interested in starting an investment account with GHS 50. Can you provide more information?"
}
 POST /api/contact 200 in 570ms
 GET / 200 in 540ms
 GET /favicon.ico 200 in 277ms
 ✓ Compiled in 238ms
 ⚠ metadataBase property in metadata export is not set for resolving social open graph or twitter images, using "http://localhost:3000". See https://nextjs.org/docs/app/api-reference/functions/generate-metadata#metadatabase
 GET / 200 in 219ms
 GET /favicon.ico?favicon.bf3c9292.ico 200 in 396ms
 GET /favicon.ico 200 in 401ms
 ⚠ metadataBase property in metadata export is not set for resolving social open graph or twitter images, using "http://localhost:3000". See https://nextjs.org/docs/app/api-reference/functions/generate-metadata#metadatabase
 GET / 200 in 213ms
 GET / 200 in 159ms
 GET /favicon.ico 200 in 402ms
 GET /favicon.ico?favicon.bf3c9292.ico 200 in 414ms
 ✓ Compiled in 612ms
 ⚠ metadataBase property in metadata export is not set for resolving social open graph or twitter images, using "http://localhost:3000". See https://nextjs.org/docs/app/api-reference/functions/generate-metadata#metadatabase
 GET / 200 in 590ms
 GET /favicon.ico 200 in 313ms
 ○ Compiling /signup ...
 ✓ Compiled /signup in 814ms
 GET /signup 200 in 920ms
 ✓ Compiled /api/signup in 247ms
New signup: {
  firstName: 'John',
  lastName: 'Doe',
  email: 'john@example.com',
  phone: '+233 247 135 159',
  initialInvestment: '50'
}
 POST /api/signup 200 in 553ms
 GET / 200 in 276ms
 GET / 200 in 465ms
 GET /signup 200 in 147ms
 GET / 200 in 436ms
 GET / 200 in 193ms
 GET / 200 in 120ms
 GET / 200 in 118ms
 GET /signup 200 in 134ms
 GET /signup 200 in 831ms
 GET / 200 in 112ms
 GET /signup 200 in 125ms
 GET / 200 in 129ms
 GET /signup 200 in 140ms
 GET / 200 in 120ms
 GET /signup 200 in 163ms
 POST /api/signup 400 in 286ms
New signup: {
  firstName: 'Gilbert ',
  lastName: 'Gilbert Nartey',
  email: 'ngilbert688@gmail.com',
  phone: '+233247135159',
  initialInvestment: '50'
}
 POST /api/signup 200 in 304ms
 GET / 200 in 291ms
 ✓ Compiled in 232ms
 ⚠ metadataBase property in metadata export is not set for resolving social open graph or twitter images, using "http://localhost:3000". See https://nextjs.org/docs/app/api-reference/functions/generate-metadata#metadatabase
 GET / 200 in 265ms
 GET / 200 in 157ms
 ✓ Compiled in 330ms
 GET / 200 in 580ms
 GET /favicon.ico 200 in 338ms
 ⚠ metadataBase property in metadata export is not set for resolving social open graph or twitter images, using "http://localhost:3000". See https://nextjs.org/docs/app/api-reference/functions/generate-metadata#metadatabase
 GET /signup 200 in 267ms
 GET /signup 200 in 565ms
 GET /favicon.ico 200 in 276ms
 ✓ Compiled in 200ms
 ⚠ metadataBase property in metadata export is not set for resolving social open graph or twitter images, using "http://localhost:3000". See https://nextjs.org/docs/app/api-reference/functions/generate-metadata#metadatabase
 GET /signup 200 in 1243ms
 GET /favicon.ico 200 in 285ms
 GET / 200 in 245ms
 GET /signup 200 in 97ms
 ✓ Compiled in 165ms
 ⚠ metadataBase property in metadata export is not set for resolving social open graph or twitter images, using "http://localhost:3000". See https://nextjs.org/docs/app/api-reference/functions/generate-metadata#metadatabase
 GET /signup 200 in 291ms
 GET /signup 200 in 156ms
 ⚠ metadataBase property in metadata export is not set for resolving social open graph or twitter images, using "http://localhost:3000". See https://nextjs.org/docs/app/api-reference/functions/generate-metadata#metadatabase
 GET /signup 200 in 251ms
 GET /signup 200 in 102ms
 GET /signup 200 in 432ms
 GET /favicon.ico 200 in 320ms
New user created: {
  id: 'WB17653036695911APD8RC99',
  firstName: 'John',
  lastName: 'Doe',
  email: 'test@example.com',
  phone: '+233247135159',
  initialInvestment: 50,
  createdAt: '2025-12-09T18:07:49.591Z',
  status: 'active'
}
 POST /api/signup 201 in 377ms
 ○ Compiling /dashboard ...
 ✓ Compiled /dashboard in 677ms
 GET /dashboard 200 in 793ms
 ○ Compiling /signin ...
 ✓ Compiled /signin in 534ms
 GET /signin 200 in 634ms
 GET /signin 200 in 181ms
 GET /signin 200 in 187ms
 GET /favicon.ico 200 in 283ms
 GET /signup 200 in 110ms
 GET /signin 200 in 100ms
 ✓ Compiled /api/signin in 161ms
User signed in: {
  id: 'WB1765303856806',
  email: 'ngilbert688@gmail.com',
  firstName: 'User',
  lastName: 'Account',
  phone: '+233 000 000 000',
  initialInvestment: 0,
  createdAt: '2025-12-09T18:10:56.806Z',
  status: 'active'
}
 POST /api/signin 200 in 431ms
 GET /dashboard 200 in 117ms
 ✓ Compiled in 242ms
 ✓ Compiled in 239ms
 ✓ Compiled in 193ms
 ⚠ metadataBase property in metadata export is not set for resolving social open graph or twitter images, using "http://localhost:3000". See https://nextjs.org/docs/app/api-reference/functions/generate-metadata#metadatabase
 GET /dashboard 200 in 648ms
 GET /favicon.ico 200 in 387ms
 ○ Compiling /dashboard/portfolio ...
 ✓ Compiled /dashboard/portfolio in 550ms
 GET /dashboard/portfolio 200 in 651ms
 GET /signup 200 in 122ms
 GET /dashboard 200 in 162ms
 ○ Compiling /dashboard/reports ...
 ✓ Compiled /dashboard/reports in 503ms
 GET /dashboard/reports 200 in 586ms
 GET /dashboard 200 in 145ms
 GET /favicon.ico 200 in 267ms
 GET /dashboard/portfolio 200 in 110ms
 GET /dashboard 200 in 333ms
 ○ Compiling /dashboard/advisor ...
 ✓ Compiled /dashboard/advisor in 643ms
 GET /dashboard/advisor 200 in 737ms
 GET /dashboard/reports 200 in 112ms
 ✓ Compiled in 164ms
 GET /dashboard/reports 200 in 182ms
 GET /favicon.ico 200 in 314ms
 ⚠ metadataBase property in metadata export is not set for resolving social open graph or twitter images, using "http://localhost:3000". See https://nextjs.org/docs/app/api-reference/functions/generate-metadata#metadatabase
 GET /dashboard 200 in 1131ms
 ✓ Compiled in 334ms
 ○ Compiling /investment-plans ...
 ✓ Compiled /investment-plans in 589ms
 ⚠ metadataBase property in metadata export is not set for resolving social open graph or twitter images, using "http://localhost:3000". See https://nextjs.org/docs/app/api-reference/functions/generate-metadata#metadatabase
 GET /investment-plans 200 in 1243ms
 GET /signup?plan=medium-term 200 in 263ms
